<?xml version="1.0" encoding="UTF-8"?>
<!-- Generated by org.testng.reporters.JUnitReportReporter -->
<testsuite hostname="Kaveri-Chavan" failures="0" tests="1" name="Module1_login_Test.SwagLabsLoginTest" time="13.373" errors="0" timestamp="2023-11-23T17:32:26 IST" skipped="0">
  <testcase classname="Module1_login_Test.SwagLabsLoginTest" name="verifyTitle" time="13.373"/>
</testsuite> <!-- Module1_login_Test.SwagLabsLoginTest -->
